<?xml version="1.0" encoding="UTF-8"?>
<!-- Generated by org.testng.reporters.JUnitReportReporter -->
<testsuite skipped="0" hostname="ajha-inl" name="com.practice.TestNG.TestNGFeature" tests="4" failures="0" timestamp="21 Sep 2021 07:35:03 GMT" time="0.007" errors="0">
  <testcase name="loginTest" time="0.001" classname="com.practice.TestNG.TestNGFeature"/>
  <testcase name="registerPageTest" time="0.000" classname="com.practice.TestNG.TestNGFeature"/>
  <testcase name="searchPageTest" time="0.003" classname="com.practice.TestNG.TestNGFeature"/>
  <testcase name="contactPageTest" time="0.003" classname="com.practice.TestNG.TestNGFeature"/>
</testsuite> <!-- com.practice.TestNG.TestNGFeature -->
