<?xml version="1.0" encoding="UTF-8"?>
<!-- Generated by org.testng.reporters.JUnitReportReporter -->
<testsuite skipped="0" hostname="ajha-inl" name="com.practice.TestNG.TestNGGroupFeature" tests="9" failures="0" timestamp="21 Sep 2021 07:35:03 GMT" time="0.011" errors="0">
  <testcase name="loginTest" time="0.003" classname="com.practice.TestNG.TestNGGroupFeature"/>
  <testcase name="registerTest" time="0.002" classname="com.practice.TestNG.TestNGGroupFeature"/>
  <testcase name="searchTest" time="0.002" classname="com.practice.TestNG.TestNGGroupFeature"/>
  <testcase name="contactTest" time="0.000" classname="com.practice.TestNG.TestNGGroupFeature"/>
  <testcase name="addToCartTest" time="0.001" classname="com.practice.TestNG.TestNGGroupFeature"/>
  <testcase name="paymentTest" time="0.001" classname="com.practice.TestNG.TestNGGroupFeature"/>
  <testcase name="doMultipleLoginTest" time="0.001" classname="com.practice.TestNG.TestNGGroupFeature"/>
  <testcase name="createMultipleUserTest" time="0.000" classname="com.practice.TestNG.TestNGGroupFeature"/>
  <testcase name="searchMultipleTest" time="0.001" classname="com.practice.TestNG.TestNGGroupFeature"/>
</testsuite> <!-- com.practice.TestNG.TestNGGroupFeature -->
