<?xml version="1.0" encoding="UTF-8"?>
<!-- Generated by org.testng.reporters.JUnitReportReporter -->
<testsuite skipped="0" hostname="ajha-inl" name="com.practice.TestNG.TestCaseWithSamePriority" tests="5" failures="0" timestamp="21 Sep 2021 07:35:03 GMT" time="0.006" errors="0">
  <testcase name="methodFour" time="0.000" classname="com.practice.TestNG.TestCaseWithSamePriority"/>
  <testcase name="methodTwo" time="0.001" classname="com.practice.TestNG.TestCaseWithSamePriority"/>
  <testcase name="methodOne" time="0.004" classname="com.practice.TestNG.TestCaseWithSamePriority"/>
  <testcase name="methodThree" time="0.000" classname="com.practice.TestNG.TestCaseWithSamePriority"/>
  <testcase name="methodFive" time="0.001" classname="com.practice.TestNG.TestCaseWithSamePriority"/>
</testsuite> <!-- com.practice.TestNG.TestCaseWithSamePriority -->
