<?xml version="1.0" encoding="UTF-8"?>
<!-- Generated by org.testng.reporters.JUnitReportReporter -->
<testsuite skipped="2" hostname="ajha-inl" name="com.practice.TestNG.TestCaseWithSkip" tests="5" failures="0" timestamp="21 Sep 2021 07:35:03 GMT" time="0.005" errors="0">
  <testcase name="test1" time="0.001" classname="com.practice.TestNG.TestCaseWithSkip"/>
  <testcase name="test5" time="0.003" classname="com.practice.TestNG.TestCaseWithSkip"/>
  <testcase name="test3" time="0.001" classname="com.practice.TestNG.TestCaseWithSkip"/>
  <testcase name="test2" classname="com.practice.TestNG.TestCaseWithSkip">
    <skipped/>
  </testcase> <!-- test2 -->
  <testcase name="test4" classname="com.practice.TestNG.TestCaseWithSkip">
    <skipped/>
  </testcase> <!-- test4 -->
</testsuite> <!-- com.practice.TestNG.TestCaseWithSkip -->
