<?xml version="1.0" encoding="UTF-8"?>
<!-- Generated by org.testng.reporters.JUnitReportReporter -->
<testsuite skipped="0" hostname="ajha-inl" name="com.practice.TestNG.TestCaseWithPriorityAndNonPriority" tests="6" failures="0" timestamp="21 Sep 2021 07:35:03 GMT" time="0.013" errors="0">
  <testcase name="TestMethod4" time="0.001" classname="com.practice.TestNG.TestCaseWithPriorityAndNonPriority"/>
  <testcase name="TestMethod6" time="0.001" classname="com.practice.TestNG.TestCaseWithPriorityAndNonPriority"/>
  <testcase name="TestMethod2" time="0.002" classname="com.practice.TestNG.TestCaseWithPriorityAndNonPriority"/>
  <testcase name="TestMethod3" time="0.001" classname="com.practice.TestNG.TestCaseWithPriorityAndNonPriority"/>
  <testcase name="TestMethod5" time="0.006" classname="com.practice.TestNG.TestCaseWithPriorityAndNonPriority"/>
  <testcase name="TestMethod1" time="0.002" classname="com.practice.TestNG.TestCaseWithPriorityAndNonPriority"/>
</testsuite> <!-- com.practice.TestNG.TestCaseWithPriorityAndNonPriority -->
