<?xml version="1.0" encoding="UTF-8"?>
<!-- Generated by org.testng.reporters.JUnitReportReporter -->
<testsuite skipped="0" hostname="ajha-inl" name="com.practice.TestNG.MySecondClass" tests="4" failures="0" timestamp="21 Sep 2021 07:35:03 GMT" time="0.004" errors="0">
  <testcase name="getAddOutput" time="0.000" classname="com.practice.TestNG.MySecondClass"/>
  <testcase name="getModulOutput" time="0.002" classname="com.practice.TestNG.MySecondClass"/>
  <testcase name="getMultOutput" time="0.001" classname="com.practice.TestNG.MySecondClass"/>
  <testcase name="getSubOutput" time="0.001" classname="com.practice.TestNG.MySecondClass"/>
</testsuite> <!-- com.practice.TestNG.MySecondClass -->
