<?xml version="1.0" encoding="UTF-8"?>
<!-- Generated by org.testng.reporters.JUnitReportReporter -->
<testsuite skipped="0" hostname="ajha-inl" name="com.practice.TestNG.GoogleTitleTest" tests="1" failures="0" timestamp="21 Sep 2021 07:35:03 GMT" time="9.464" errors="0">
  <testcase name="googleTitleTest" time="9.464" classname="com.practice.TestNG.GoogleTitleTest"/>
</testsuite> <!-- com.practice.TestNG.GoogleTitleTest -->
