<?xml version="1.0" encoding="UTF-8"?>
<!-- Generated by org.testng.reporters.JUnitReportReporter -->
<testsuite skipped="0" hostname="ajha-inl" name="com.practice.TestNG.TestCaseWithPriority" tests="5" failures="0" timestamp="21 Sep 2021 07:35:03 GMT" time="0.008" errors="0">
  <testcase name="getMultiplication" time="0.001" classname="com.practice.TestNG.TestCaseWithPriority"/>
  <testcase name="getModule" time="0.001" classname="com.practice.TestNG.TestCaseWithPriority"/>
  <testcase name="getDivison" time="0.002" classname="com.practice.TestNG.TestCaseWithPriority"/>
  <testcase name="getSubstraction" time="0.001" classname="com.practice.TestNG.TestCaseWithPriority"/>
  <testcase name="getAddition" time="0.003" classname="com.practice.TestNG.TestCaseWithPriority"/>
</testsuite> <!-- com.practice.TestNG.TestCaseWithPriority -->
