<?xml version="1.0" encoding="UTF-8"?>
<!-- Generated by org.testng.reporters.JUnitReportReporter -->
<testsuite skipped="0" hostname="ajha-inl" name="com.practice.TestNG.TestNGAnnotation" tests="3" failures="0" timestamp="21 Sep 2021 07:35:03 GMT" time="0.005" errors="0">
  <testcase name="googleLogoTest" time="0.001" classname="com.practice.TestNG.TestNGAnnotation"/>
  <testcase name="googleTitleTest" time="0.000" classname="com.practice.TestNG.TestNGAnnotation"/>
  <testcase name="searchPageTest" time="0.004" classname="com.practice.TestNG.TestNGAnnotation"/>
</testsuite> <!-- com.practice.TestNG.TestNGAnnotation -->
