<?xml version="1.0" encoding="UTF-8"?>
<!-- Generated by org.testng.reporters.JUnitReportReporter -->
<testsuite skipped="0" hostname="ajha-inl" name="com.practice.TestNG.MyFirstClass" tests="1" failures="0" timestamp="21 Sep 2021 07:35:03 GMT" time="0.001" errors="0">
  <testcase name="printMethod" time="0.001" classname="com.practice.TestNG.MyFirstClass"/>
</testsuite> <!-- com.practice.TestNG.MyFirstClass -->
