<?xml version="1.0" encoding="UTF-8"?>
<!-- Generated by org.testng.reporters.JUnitReportReporter -->
<testsuite skipped="0" hostname="ajha-inl" name="com.practice.TestNG.InvocationCountTest" tests="5" failures="0" timestamp="21 Sep 2021 07:35:03 GMT" time="0.018" errors="0">
  <testcase name="invocationCountTest" time="0.003" classname="com.practice.TestNG.InvocationCountTest"/>
  <testcase name="invocationCountTest" time="0.006" classname="com.practice.TestNG.InvocationCountTest"/>
  <testcase name="invocationCountTest" time="0.004" classname="com.practice.TestNG.InvocationCountTest"/>
  <testcase name="invocationCountTest" time="0.002" classname="com.practice.TestNG.InvocationCountTest"/>
  <testcase name="invocationCountTest" time="0.003" classname="com.practice.TestNG.InvocationCountTest"/>
</testsuite> <!-- com.practice.TestNG.InvocationCountTest -->
