<?xml version="1.0" encoding="UTF-8"?>
<!-- Generated by org.testng.reporters.JUnitReportReporter -->
<testsuite skipped="0" hostname="ajha-inl" name="com.practice.TestNG.TestCaseWithTestNGroups" tests="7" failures="0" timestamp="21 Sep 2021 07:35:03 GMT" time="0.003" errors="0">
  <testcase name="Pune" time="0.001" classname="com.practice.TestNG.TestCaseWithTestNGroups"/>
  <testcase name="Patna" time="0.001" classname="com.practice.TestNG.TestCaseWithTestNGroups"/>
  <testcase name="Hydrabad" time="0.001" classname="com.practice.TestNG.TestCaseWithTestNGroups"/>
  <testcase name="Darbhanga" time="0.000" classname="com.practice.TestNG.TestCaseWithTestNGroups"/>
  <testcase name="Bangalore" time="0.000" classname="com.practice.TestNG.TestCaseWithTestNGroups"/>
  <testcase name="Delhi" time="0.000" classname="com.practice.TestNG.TestCaseWithTestNGroups"/>
  <testcase name="Punjab" time="0.000" classname="com.practice.TestNG.TestCaseWithTestNGroups"/>
</testsuite> <!-- com.practice.TestNG.TestCaseWithTestNGroups -->
