<?xml version="1.0" encoding="UTF-8"?>
<!-- Generated by org.testng.reporters.JUnitReportReporter -->
<testsuite skipped="0" hostname="ajha-inl" name="com.practice.TestNG.GoogleTest" tests="6" failures="0" timestamp="21 Sep 2021 07:35:03 GMT" time="51.374" errors="0">
  <testcase name="googleLogoTest" time="8.683" classname="com.practice.TestNG.GoogleTest"/>
  <testcase name="googleTitleTest" time="7.979" classname="com.practice.TestNG.GoogleTest"/>
  <testcase name="googleGmailLinkTest" time="8.173" classname="com.practice.TestNG.GoogleTest"/>
  <testcase name="test1" time="9.740" classname="com.practice.TestNG.GoogleTest"/>
  <testcase name="test2" time="8.450" classname="com.practice.TestNG.GoogleTest"/>
  <testcase name="test3" time="8.349" classname="com.practice.TestNG.GoogleTest"/>
</testsuite> <!-- com.practice.TestNG.GoogleTest -->
